拉取 FINRA Reg SHO 每日做空数据 (目标 25 天)...
  已拉取 5 天 (最新 2026-04-20)
  已拉取 10 天 (最新 2026-04-13)
  已拉取 15 天 (最新 2026-04-06)
  已拉取 20 天 (最新 2026-03-27)
  已拉取 25 天 (最新 2026-03-20)

共拉到 25 天数据。

Ticker  Latest       Days   Today%    Mean%    ±1σ%      Z  Signal
------------------------------------------------------------------------------------------
NVDA    2026-04-24     25    45.1%    44.0%    3.9%   +0.3  —
SPY     2026-04-24     25    48.5%    54.0%    5.2%   -1.0  —
AAPL    2026-04-24     25    45.2%    49.9%    5.4%   -0.9  —
META    2026-04-24     25    52.2%    40.6%    9.6%   +1.2  —
TSM     2026-04-24     25    28.7%    36.6%    5.5%   -1.4  —
CVX     2026-04-24     25    31.5%    41.4%    6.5%   -1.5  🟡 空头减弱 (z=-1.5)
GLD     2026-04-24     25    30.2%    52.9%    9.9%   -2.3  🟢 空头回补强 (z=-2.3)
SCHD    2026-04-24     25    73.4%    62.8%    6.5%   +1.6  🟠 做空偏高 (z=+1.6)
MU      2026-04-24     25    36.5%    42.9%    5.4%   -1.2  —
OXY     2026-04-24     25    55.1%    49.1%    6.9%   +0.9  —
AMD     2026-04-24     25    59.5%    55.3%    7.8%   +0.5  —

解读:
  🔴 做空激增 (z>2): 机构对冲或做空新建 — 查最新新闻/财报
  🟠 偏高 (z>1.5): 关注但不独立决策
  🟢 空头回补强 (z<-2): 可能挤空前兆或空头认输
  Short Volume 含市场制造商对冲，绝对数 ~40-60% 是正常
  关键是【变化率】而非绝对值
